2012-11-03 14:46:56  [ main:0 ] - [ ERROR ]   error 
2012-11-03 14:50:27  [ main:0 ] - [ ERROR ]   error 
2012-11-03 15:09:25  [ main:0 ] - [ INFO ]  Refreshing org.springframework.context.support.ClassPathXmlApplicationContext@c6b8b0: startup date [Sat Nov 03 15:09:25 CST 2012]; root of context hierarchy
2012-11-03 15:09:25  [ main:267 ] - [ INFO ]  Loading XML bean definitions from class path resource [applicationContext.xml]
2012-11-03 15:09:26  [ main:1346 ] - [ INFO ]  Loading properties file from class path resource [jdbc.properties]
2012-11-03 15:09:27  [ main:1905 ] - [ INFO ]  Pre-instantiating singletons in org.springframework.beans.factory.support.DefaultListableBeanFactory@1c8b26e: defining beans [org.springframework.beans.factory.config.PropertyPlaceholderConfigurer#0,dataSource,sessionFactory,transactionManager,org.springframework.aop.config.internalAutoProxyCreator,org.springframework.transaction.annotation.AnnotationTransactionAttributeSource#0,org.springframework.transaction.interceptor.TransactionInterceptor#0,org.springframework.transaction.config.internalTransactionAdvisor,bookAction,orderAction,userAction,bookDaoImpl,daoSupportImpl,orderItemDaoImpl,userDaoImpl,bookServiceImpl,orderServiceImpl,userServiceImpl,org.springframework.context.annotation.internalConfigurationAnnotationProcessor,org.springframework.context.annotation.internalAutowiredAnnotationProcessor,org.springframework.context.annotation.internalRequiredAnnotationProcessor,org.springframework.context.annotation.internalCommonAnnotationProcessor,org.springframework.context.annotation.internalPersistenceAnnotationProcessor,org.springframework.context.annotation.ConfigurationClassPostProcessor$ImportAwareBeanPostProcessor#0]; root of factory hierarchy
2012-11-03 15:09:27  [ main:1941 ] - [ INFO ]  MLog clients using log4j logging.
2012-11-03 15:09:27  [ main:2323 ] - [ INFO ]  Initializing c3p0-0.9.1 [built 16-January-2007 14:46:42; debug? true; trace: 10]
2012-11-03 15:09:29  [ main:4564 ] - [ INFO ]  Building new Hibernate SessionFactory
2012-11-03 15:09:29  [ main:4720 ] - [ INFO ]  Initializing c3p0 pool... com.mchange.v2.c3p0.ComboPooledDataSource [ acquireIncrement -> 3, acquireRetryAttempts -> 30, acquireRetryDelay -> 1000, autoCommitOnClose -> false, automaticTestTable -> null, breakAfterAcquireFailure -> false, checkoutTimeout -> 0, connectionCustomizerClassName -> null, connectionTesterClassName -> com.mchange.v2.c3p0.impl.DefaultConnectionTester, dataSourceName -> hw0c98q1ioszb31tz9c5r|17e8a35, debugUnreturnedConnectionStackTraces -> false, description -> null, driverClass -> com.mysql.jdbc.Driver, factoryClassLocation -> null, forceIgnoreUnresolvedTransactions -> false, identityToken -> hw0c98q1ioszb31tz9c5r|17e8a35, idleConnectionTestPeriod -> 0, initialPoolSize -> 3, jdbcUrl -> jdbc:mysql://localhost:3306/shopping?useUnicode=false&amp;characterEncoding=UTF8, lastAcquisitionFailureDefaultUser -> null, maxAdministrativeTaskTime -> 0, maxConnectionAge -> 0, maxIdleTime -> 0, maxIdleTimeExcessConnections -> 0, maxPoolSize -> 15, maxStatements -> 0, maxStatementsPerConnection -> 0, minPoolSize -> 3, numHelperThreads -> 3, numThreadsAwaitingCheckoutDefaultUser -> 0, preferredTestQuery -> null, properties -> {user=******, password=******}, propertyCycle -> 0, testConnectionOnCheckin -> false, testConnectionOnCheckout -> false, unreturnedConnectionTimeout -> 0, usesTraditionalReflectiveProxies -> false ]
2012-11-03 15:09:31  [ main:6286 ] - [ INFO ]  Using DataSource [com.mchange.v2.c3p0.ComboPooledDataSource [ acquireIncrement -> 3, acquireRetryAttempts -> 30, acquireRetryDelay -> 1000, autoCommitOnClose -> false, automaticTestTable -> null, breakAfterAcquireFailure -> false, checkoutTimeout -> 0, connectionCustomizerClassName -> null, connectionTesterClassName -> com.mchange.v2.c3p0.impl.DefaultConnectionTester, dataSourceName -> hw0c98q1ioszb31tz9c5r|17e8a35, debugUnreturnedConnectionStackTraces -> false, description -> null, driverClass -> com.mysql.jdbc.Driver, factoryClassLocation -> null, forceIgnoreUnresolvedTransactions -> false, identityToken -> hw0c98q1ioszb31tz9c5r|17e8a35, idleConnectionTestPeriod -> 0, initialPoolSize -> 3, jdbcUrl -> jdbc:mysql://localhost:3306/shopping?useUnicode=false&amp;characterEncoding=UTF8, lastAcquisitionFailureDefaultUser -> null, maxAdministrativeTaskTime -> 0, maxConnectionAge -> 0, maxIdleTime -> 0, maxIdleTimeExcessConnections -> 0, maxPoolSize -> 15, maxStatements -> 0, maxStatementsPerConnection -> 0, minPoolSize -> 3, numHelperThreads -> 3, numThreadsAwaitingCheckoutDefaultUser -> 0, preferredTestQuery -> null, properties -> {user=******, password=******}, propertyCycle -> 0, testConnectionOnCheckin -> false, testConnectionOnCheckout -> false, unreturnedConnectionTimeout -> 0, usesTraditionalReflectiveProxies -> false ]] of Hibernate SessionFactory for HibernateTransactionManager
2012-11-03 15:09:32  [ main:6988 ] - [ INFO ]  Try to add a book.
2012-11-03 15:09:32  [ main:7048 ] - [ INFO ]  Add book failed.
2012-11-03 15:10:13  [ main:0 ] - [ INFO ]  Refreshing org.springframework.context.support.ClassPathXmlApplicationContext@873b9f: startup date [Sat Nov 03 15:10:13 CST 2012]; root of context hierarchy
2012-11-03 15:10:14  [ main:573 ] - [ INFO ]  Loading XML bean definitions from class path resource [applicationContext.xml]
2012-11-03 15:10:14  [ main:1457 ] - [ INFO ]  Loading properties file from class path resource [jdbc.properties]
2012-11-03 15:10:15  [ main:1668 ] - [ INFO ]  Pre-instantiating singletons in org.springframework.beans.factory.support.DefaultListableBeanFactory@13a7ebb: defining beans [org.springframework.beans.factory.config.PropertyPlaceholderConfigurer#0,dataSource,sessionFactory,transactionManager,org.springframework.aop.config.internalAutoProxyCreator,org.springframework.transaction.annotation.AnnotationTransactionAttributeSource#0,org.springframework.transaction.interceptor.TransactionInterceptor#0,org.springframework.transaction.config.internalTransactionAdvisor,bookAction,orderAction,userAction,bookDaoImpl,daoSupportImpl,orderItemDaoImpl,userDaoImpl,bookServiceImpl,orderServiceImpl,userServiceImpl,org.springframework.context.annotation.internalConfigurationAnnotationProcessor,org.springframework.context.annotation.internalAutowiredAnnotationProcessor,org.springframework.context.annotation.internalRequiredAnnotationProcessor,org.springframework.context.annotation.internalCommonAnnotationProcessor,org.springframework.context.annotation.internalPersistenceAnnotationProcessor,org.springframework.context.annotation.ConfigurationClassPostProcessor$ImportAwareBeanPostProcessor#0]; root of factory hierarchy
2012-11-03 15:10:15  [ main:1707 ] - [ INFO ]  MLog clients using log4j logging.
2012-11-03 15:10:15  [ main:2011 ] - [ INFO ]  Initializing c3p0-0.9.1 [built 16-January-2007 14:46:42; debug? true; trace: 10]
2012-11-03 15:10:16  [ main:3446 ] - [ INFO ]  Building new Hibernate SessionFactory
2012-11-03 15:10:17  [ main:3638 ] - [ INFO ]  Initializing c3p0 pool... com.mchange.v2.c3p0.ComboPooledDataSource [ acquireIncrement -> 3, acquireRetryAttempts -> 30, acquireRetryDelay -> 1000, autoCommitOnClose -> false, automaticTestTable -> null, breakAfterAcquireFailure -> false, checkoutTimeout -> 0, connectionCustomizerClassName -> null, connectionTesterClassName -> com.mchange.v2.c3p0.impl.DefaultConnectionTester, dataSourceName -> hw0c98q1iou0ac1rag1sz|a3cf94, debugUnreturnedConnectionStackTraces -> false, description -> null, driverClass -> com.mysql.jdbc.Driver, factoryClassLocation -> null, forceIgnoreUnresolvedTransactions -> false, identityToken -> hw0c98q1iou0ac1rag1sz|a3cf94, idleConnectionTestPeriod -> 0, initialPoolSize -> 3, jdbcUrl -> jdbc:mysql://localhost:3306/shopping?useUnicode=false&amp;characterEncoding=UTF8, lastAcquisitionFailureDefaultUser -> null, maxAdministrativeTaskTime -> 0, maxConnectionAge -> 0, maxIdleTime -> 0, maxIdleTimeExcessConnections -> 0, maxPoolSize -> 15, maxStatements -> 0, maxStatementsPerConnection -> 0, minPoolSize -> 3, numHelperThreads -> 3, numThreadsAwaitingCheckoutDefaultUser -> 0, preferredTestQuery -> null, properties -> {user=******, password=******}, propertyCycle -> 0, testConnectionOnCheckin -> false, testConnectionOnCheckout -> false, unreturnedConnectionTimeout -> 0, usesTraditionalReflectiveProxies -> false ]
2012-11-03 15:10:18  [ main:4721 ] - [ INFO ]  Using DataSource [com.mchange.v2.c3p0.ComboPooledDataSource [ acquireIncrement -> 3, acquireRetryAttempts -> 30, acquireRetryDelay -> 1000, autoCommitOnClose -> false, automaticTestTable -> null, breakAfterAcquireFailure -> false, checkoutTimeout -> 0, connectionCustomizerClassName -> null, connectionTesterClassName -> com.mchange.v2.c3p0.impl.DefaultConnectionTester, dataSourceName -> hw0c98q1iou0ac1rag1sz|a3cf94, debugUnreturnedConnectionStackTraces -> false, description -> null, driverClass -> com.mysql.jdbc.Driver, factoryClassLocation -> null, forceIgnoreUnresolvedTransactions -> false, identityToken -> hw0c98q1iou0ac1rag1sz|a3cf94, idleConnectionTestPeriod -> 0, initialPoolSize -> 3, jdbcUrl -> jdbc:mysql://localhost:3306/shopping?useUnicode=false&amp;characterEncoding=UTF8, lastAcquisitionFailureDefaultUser -> null, maxAdministrativeTaskTime -> 0, maxConnectionAge -> 0, maxIdleTime -> 0, maxIdleTimeExcessConnections -> 0, maxPoolSize -> 15, maxStatements -> 0, maxStatementsPerConnection -> 0, minPoolSize -> 3, numHelperThreads -> 3, numThreadsAwaitingCheckoutDefaultUser -> 0, preferredTestQuery -> null, properties -> {user=******, password=******}, propertyCycle -> 0, testConnectionOnCheckin -> false, testConnectionOnCheckout -> false, unreturnedConnectionTimeout -> 0, usesTraditionalReflectiveProxies -> false ]] of Hibernate SessionFactory for HibernateTransactionManager
2012-11-03 15:10:18  [ main:4949 ] - [ INFO ]  Try to add a book.
2012-11-03 15:10:18  [ main:5007 ] - [ INFO ]  Add book failed.
org.hibernate.PropertyAccessException: IllegalArgumentException occurred while calling setter of org.leiwen.bookshopping.domain.Book.bookId
	at org.hibernate.property.BasicPropertyAccessor$BasicSetter.set(BasicPropertyAccessor.java:128)
	at org.hibernate.tuple.entity.AbstractEntityTuplizer.setIdentifier(AbstractEntityTuplizer.java:267)
	at org.hibernate.persister.entity.AbstractEntityPersister.setIdentifier(AbstractEntityPersister.java:3890)
	at org.hibernate.event.def.AbstractSaveEventListener.performSave(AbstractSaveEventListener.java:193)
	at org.hibernate.event.def.AbstractSaveEventListener.saveWithGeneratedId(AbstractSaveEventListener.java:143)
	at org.hibernate.event.def.DefaultSaveOrUpdateEventListener.saveWithGeneratedOrRequestedId(DefaultSaveOrUpdateEventListener.java:210)
	at org.hibernate.event.def.DefaultSaveEventListener.saveWithGeneratedOrRequestedId(DefaultSaveEventListener.java:56)
	at org.hibernate.event.def.DefaultSaveOrUpdateEventListener.entityIsTransient(DefaultSaveOrUpdateEventListener.java:195)
	at org.hibernate.event.def.DefaultSaveEventListener.performSaveOrUpdate(DefaultSaveEventListener.java:50)
	at org.hibernate.event.def.DefaultSaveOrUpdateEventListener.onSaveOrUpdate(DefaultSaveOrUpdateEventListener.java:93)
	at org.hibernate.impl.SessionImpl.fireSave(SessionImpl.java:713)
	at org.hibernate.impl.SessionImpl.save(SessionImpl.java:701)
	at org.hibernate.impl.SessionImpl.save(SessionImpl.java:697)
	at org.leiwen.bookshopping.dao.impl.BookDaoImpl.add(BookDaoImpl.java:46)
	at org.leiwen.bookshopping.service.impl.BookServiceImpl.add(BookServiceImpl.java:45)
	at sun.reflect.NativeMethodAccessorImpl.invoke0(Native Method)
	at sun.reflect.NativeMethodAccessorImpl.invoke(Unknown Source)
	at sun.reflect.DelegatingMethodAccessorImpl.invoke(Unknown Source)
	at java.lang.reflect.Method.invoke(Unknown Source)
	at org.springframework.aop.support.AopUtils.invokeJoinpointUsingReflection(AopUtils.java:311)
	at org.springframework.aop.framework.ReflectiveMethodInvocation.invokeJoinpoint(ReflectiveMethodInvocation.java:183)
	at org.springframework.aop.framework.ReflectiveMethodInvocation.proceed(ReflectiveMethodInvocation.java:150)
	at org.springframework.transaction.interceptor.TransactionInterceptor.invoke(TransactionInterceptor.java:110)
	at org.springframework.aop.framework.ReflectiveMethodInvocation.proceed(ReflectiveMethodInvocation.java:172)
	at org.springframework.aop.framework.JdkDynamicAopProxy.invoke(JdkDynamicAopProxy.java:202)
	at $Proxy11.add(Unknown Source)
	at org.leiwen.bookshopping.test.BookServiceTest.testAdd(BookServiceTest.java:57)
	at sun.reflect.NativeMethodAccessorImpl.invoke0(Native Method)
	at sun.reflect.NativeMethodAccessorImpl.invoke(Unknown Source)
	at sun.reflect.DelegatingMethodAccessorImpl.invoke(Unknown Source)
	at java.lang.reflect.Method.invoke(Unknown Source)
	at junit.framework.TestCase.runTest(TestCase.java:168)
	at junit.framework.TestCase.runBare(TestCase.java:134)
	at junit.framework.TestResult$1.protect(TestResult.java:110)
	at junit.framework.TestResult.runProtected(TestResult.java:128)
	at junit.framework.TestResult.run(TestResult.java:113)
	at junit.framework.TestCase.run(TestCase.java:124)
	at junit.framework.TestSuite.runTest(TestSuite.java:243)
	at junit.framework.TestSuite.run(TestSuite.java:238)
	at org.junit.internal.runners.JUnit38ClassRunner.run(JUnit38ClassRunner.java:83)
	at org.eclipse.jdt.internal.junit4.runner.JUnit4TestReference.run(JUnit4TestReference.java:50)
	at org.eclipse.jdt.internal.junit.runner.TestExecution.run(TestExecution.java:38)
	at org.eclipse.jdt.internal.junit.runner.RemoteTestRunner.runTests(RemoteTestRunner.java:467)
	at org.eclipse.jdt.internal.junit.runner.RemoteTestRunner.runTests(RemoteTestRunner.java:683)
	at org.eclipse.jdt.internal.junit.runner.RemoteTestRunner.run(RemoteTestRunner.java:390)
	at org.eclipse.jdt.internal.junit.runner.RemoteTestRunner.main(RemoteTestRunner.java:197)
Caused by: java.lang.IllegalArgumentException: argument type mismatch
	at sun.reflect.NativeMethodAccessorImpl.invoke0(Native Method)
	at sun.reflect.NativeMethodAccessorImpl.invoke(Unknown Source)
	at sun.reflect.DelegatingMethodAccessorImpl.invoke(Unknown Source)
	at java.lang.reflect.Method.invoke(Unknown Source)
	at org.hibernate.property.BasicPropertyAccessor$BasicSetter.set(BasicPropertyAccessor.java:66)
	... 45 more
2012-11-03 15:19:45  [ main:0 ] - [ INFO ]  Refreshing org.springframework.context.support.ClassPathXmlApplicationContext@6e7127: startup date [Sat Nov 03 15:19:45 CST 2012]; root of context hierarchy
2012-11-03 15:19:45  [ main:142 ] - [ INFO ]  Loading XML bean definitions from class path resource [applicationContext.xml]
2012-11-03 15:19:46  [ main:1038 ] - [ INFO ]  Loading properties file from class path resource [jdbc.properties]
2012-11-03 15:19:46  [ main:1122 ] - [ INFO ]  Pre-instantiating singletons in org.springframework.beans.factory.support.DefaultListableBeanFactory@14cda3: defining beans [org.springframework.beans.factory.config.PropertyPlaceholderConfigurer#0,dataSource,sessionFactory,transactionManager,org.springframework.aop.config.internalAutoProxyCreator,org.springframework.transaction.annotation.AnnotationTransactionAttributeSource#0,org.springframework.transaction.interceptor.TransactionInterceptor#0,org.springframework.transaction.config.internalTransactionAdvisor,bookAction,orderAction,userAction,bookDaoImpl,daoSupportImpl,orderItemDaoImpl,userDaoImpl,bookServiceImpl,orderServiceImpl,userServiceImpl,org.springframework.context.annotation.internalConfigurationAnnotationProcessor,org.springframework.context.annotation.internalAutowiredAnnotationProcessor,org.springframework.context.annotation.internalRequiredAnnotationProcessor,org.springframework.context.annotation.internalCommonAnnotationProcessor,org.springframework.context.annotation.internalPersistenceAnnotationProcessor,org.springframework.context.annotation.ConfigurationClassPostProcessor$ImportAwareBeanPostProcessor#0]; root of factory hierarchy
2012-11-03 15:19:46  [ main:1153 ] - [ INFO ]  MLog clients using log4j logging.
2012-11-03 15:19:47  [ main:1359 ] - [ INFO ]  Initializing c3p0-0.9.1 [built 16-January-2007 14:46:42; debug? true; trace: 10]
2012-11-03 15:19:48  [ main:2750 ] - [ INFO ]  Building new Hibernate SessionFactory
2012-11-03 15:19:48  [ main:2890 ] - [ INFO ]  Initializing c3p0 pool... com.mchange.v2.c3p0.ComboPooledDataSource [ acquireIncrement -> 3, acquireRetryAttempts -> 30, acquireRetryDelay -> 1000, autoCommitOnClose -> false, automaticTestTable -> null, breakAfterAcquireFailure -> false, checkoutTimeout -> 0, connectionCustomizerClassName -> null, connectionTesterClassName -> com.mchange.v2.c3p0.impl.DefaultConnectionTester, dataSourceName -> z8kflt8q1ip69f4ovc6pt|1ddcfef, debugUnreturnedConnectionStackTraces -> false, description -> null, driverClass -> com.mysql.jdbc.Driver, factoryClassLocation -> null, forceIgnoreUnresolvedTransactions -> false, identityToken -> z8kflt8q1ip69f4ovc6pt|1ddcfef, idleConnectionTestPeriod -> 0, initialPoolSize -> 3, jdbcUrl -> jdbc:mysql://localhost:3306/shopping?useUnicode=false&amp;characterEncoding=UTF8, lastAcquisitionFailureDefaultUser -> null, maxAdministrativeTaskTime -> 0, maxConnectionAge -> 0, maxIdleTime -> 0, maxIdleTimeExcessConnections -> 0, maxPoolSize -> 15, maxStatements -> 0, maxStatementsPerConnection -> 0, minPoolSize -> 3, numHelperThreads -> 3, numThreadsAwaitingCheckoutDefaultUser -> 0, preferredTestQuery -> null, properties -> {user=******, password=******}, propertyCycle -> 0, testConnectionOnCheckin -> false, testConnectionOnCheckout -> false, unreturnedConnectionTimeout -> 0, usesTraditionalReflectiveProxies -> false ]
2012-11-03 15:19:49  [ main:3931 ] - [ INFO ]  Using DataSource [com.mchange.v2.c3p0.ComboPooledDataSource [ acquireIncrement -> 3, acquireRetryAttempts -> 30, acquireRetryDelay -> 1000, autoCommitOnClose -> false, automaticTestTable -> null, breakAfterAcquireFailure -> false, checkoutTimeout -> 0, connectionCustomizerClassName -> null, connectionTesterClassName -> com.mchange.v2.c3p0.impl.DefaultConnectionTester, dataSourceName -> z8kflt8q1ip69f4ovc6pt|1ddcfef, debugUnreturnedConnectionStackTraces -> false, description -> null, driverClass -> com.mysql.jdbc.Driver, factoryClassLocation -> null, forceIgnoreUnresolvedTransactions -> false, identityToken -> z8kflt8q1ip69f4ovc6pt|1ddcfef, idleConnectionTestPeriod -> 0, initialPoolSize -> 3, jdbcUrl -> jdbc:mysql://localhost:3306/shopping?useUnicode=false&amp;characterEncoding=UTF8, lastAcquisitionFailureDefaultUser -> null, maxAdministrativeTaskTime -> 0, maxConnectionAge -> 0, maxIdleTime -> 0, maxIdleTimeExcessConnections -> 0, maxPoolSize -> 15, maxStatements -> 0, maxStatementsPerConnection -> 0, minPoolSize -> 3, numHelperThreads -> 3, numThreadsAwaitingCheckoutDefaultUser -> 0, preferredTestQuery -> null, properties -> {user=******, password=******}, propertyCycle -> 0, testConnectionOnCheckin -> false, testConnectionOnCheckout -> false, unreturnedConnectionTimeout -> 0, usesTraditionalReflectiveProxies -> false ]] of Hibernate SessionFactory for HibernateTransactionManager
2012-11-03 15:19:49  [ main:4175 ] - [ INFO ]  Try to add a book.
2012-11-03 15:19:50  [ main:4252 ] - [ INFO ]  Add book successfully.
2012-11-03 15:19:50  [ main:4588 ] - [ INFO ]  Try to find a book.
2012-11-03 15:19:50  [ main:5079 ] - [ INFO ]  Find book successfully.
2012-11-03 15:32:55  [ main:0 ] - [ INFO ]  Refreshing org.springframework.context.support.ClassPathXmlApplicationContext@6e7127: startup date [Sat Nov 03 15:32:55 CST 2012]; root of context hierarchy
2012-11-03 15:32:55  [ main:134 ] - [ INFO ]  Loading XML bean definitions from class path resource [applicationContext.xml]
2012-11-03 15:32:56  [ main:987 ] - [ INFO ]  Loading properties file from class path resource [jdbc.properties]
2012-11-03 15:32:56  [ main:1065 ] - [ INFO ]  Pre-instantiating singletons in org.springframework.beans.factory.support.DefaultListableBeanFactory@14cda3: defining beans [org.springframework.beans.factory.config.PropertyPlaceholderConfigurer#0,dataSource,sessionFactory,transactionManager,org.springframework.aop.config.internalAutoProxyCreator,org.springframework.transaction.annotation.AnnotationTransactionAttributeSource#0,org.springframework.transaction.interceptor.TransactionInterceptor#0,org.springframework.transaction.config.internalTransactionAdvisor,bookAction,orderAction,userAction,bookDaoImpl,daoSupportImpl,orderItemDaoImpl,userDaoImpl,bookServiceImpl,orderServiceImpl,userServiceImpl,org.springframework.context.annotation.internalConfigurationAnnotationProcessor,org.springframework.context.annotation.internalAutowiredAnnotationProcessor,org.springframework.context.annotation.internalRequiredAnnotationProcessor,org.springframework.context.annotation.internalCommonAnnotationProcessor,org.springframework.context.annotation.internalPersistenceAnnotationProcessor,org.springframework.context.annotation.ConfigurationClassPostProcessor$ImportAwareBeanPostProcessor#0]; root of factory hierarchy
2012-11-03 15:32:56  [ main:1101 ] - [ INFO ]  MLog clients using log4j logging.
2012-11-03 15:32:57  [ main:1306 ] - [ INFO ]  Initializing c3p0-0.9.1 [built 16-January-2007 14:46:42; debug? true; trace: 10]
2012-11-03 15:32:58  [ main:2368 ] - [ INFO ]  Building new Hibernate SessionFactory
2012-11-03 15:32:58  [ main:2840 ] - [ INFO ]  Initializing c3p0 pool... com.mchange.v2.c3p0.ComboPooledDataSource [ acquireIncrement -> 3, acquireRetryAttempts -> 30, acquireRetryDelay -> 1000, autoCommitOnClose -> false, automaticTestTable -> null, breakAfterAcquireFailure -> false, checkoutTimeout -> 0, connectionCustomizerClassName -> null, connectionTesterClassName -> com.mchange.v2.c3p0.impl.DefaultConnectionTester, dataSourceName -> 1hge1388q1ipn70toi0ejr|1ddcfef, debugUnreturnedConnectionStackTraces -> false, description -> null, driverClass -> com.mysql.jdbc.Driver, factoryClassLocation -> null, forceIgnoreUnresolvedTransactions -> false, identityToken -> 1hge1388q1ipn70toi0ejr|1ddcfef, idleConnectionTestPeriod -> 0, initialPoolSize -> 3, jdbcUrl -> jdbc:mysql://localhost:3306/shopping?useUnicode=false&amp;characterEncoding=UTF8, lastAcquisitionFailureDefaultUser -> null, maxAdministrativeTaskTime -> 0, maxConnectionAge -> 0, maxIdleTime -> 0, maxIdleTimeExcessConnections -> 0, maxPoolSize -> 15, maxStatements -> 0, maxStatementsPerConnection -> 0, minPoolSize -> 3, numHelperThreads -> 3, numThreadsAwaitingCheckoutDefaultUser -> 0, preferredTestQuery -> null, properties -> {user=******, password=******}, propertyCycle -> 0, testConnectionOnCheckin -> false, testConnectionOnCheckout -> false, unreturnedConnectionTimeout -> 0, usesTraditionalReflectiveProxies -> false ]
2012-11-03 15:32:59  [ main:3816 ] - [ INFO ]  Using DataSource [com.mchange.v2.c3p0.ComboPooledDataSource [ acquireIncrement -> 3, acquireRetryAttempts -> 30, acquireRetryDelay -> 1000, autoCommitOnClose -> false, automaticTestTable -> null, breakAfterAcquireFailure -> false, checkoutTimeout -> 0, connectionCustomizerClassName -> null, connectionTesterClassName -> com.mchange.v2.c3p0.impl.DefaultConnectionTester, dataSourceName -> 1hge1388q1ipn70toi0ejr|1ddcfef, debugUnreturnedConnectionStackTraces -> false, description -> null, driverClass -> com.mysql.jdbc.Driver, factoryClassLocation -> null, forceIgnoreUnresolvedTransactions -> false, identityToken -> 1hge1388q1ipn70toi0ejr|1ddcfef, idleConnectionTestPeriod -> 0, initialPoolSize -> 3, jdbcUrl -> jdbc:mysql://localhost:3306/shopping?useUnicode=false&amp;characterEncoding=UTF8, lastAcquisitionFailureDefaultUser -> null, maxAdministrativeTaskTime -> 0, maxConnectionAge -> 0, maxIdleTime -> 0, maxIdleTimeExcessConnections -> 0, maxPoolSize -> 15, maxStatements -> 0, maxStatementsPerConnection -> 0, minPoolSize -> 3, numHelperThreads -> 3, numThreadsAwaitingCheckoutDefaultUser -> 0, preferredTestQuery -> null, properties -> {user=******, password=******}, propertyCycle -> 0, testConnectionOnCheckin -> false, testConnectionOnCheckout -> false, unreturnedConnectionTimeout -> 0, usesTraditionalReflectiveProxies -> false ]] of Hibernate SessionFactory for HibernateTransactionManager
2012-11-03 15:32:59  [ main:4057 ] - [ INFO ]  Try to add a book.
2012-11-03 15:32:59  [ main:4137 ] - [ INFO ]  Add book successfully.
2012-11-03 15:33:00  [ main:4400 ] - [ INFO ]  Try to find a book.
2012-11-03 15:33:00  [ main:4433 ] - [ INFO ]  Find book successfully.
2012-11-03 15:33:51  [ main:0 ] - [ INFO ]  Refreshing org.springframework.context.support.ClassPathXmlApplicationContext@3c33d3: startup date [Sat Nov 03 15:33:51 CST 2012]; root of context hierarchy
2012-11-03 15:33:52  [ main:127 ] - [ INFO ]  Loading XML bean definitions from class path resource [applicationContext.xml]
2012-11-03 15:33:52  [ main:954 ] - [ INFO ]  Loading properties file from class path resource [jdbc.properties]
2012-11-03 15:33:52  [ main:1041 ] - [ INFO ]  Pre-instantiating singletons in org.springframework.beans.factory.support.DefaultListableBeanFactory@14cda3: defining beans [org.springframework.beans.factory.config.PropertyPlaceholderConfigurer#0,dataSource,sessionFactory,transactionManager,org.springframework.aop.config.internalAutoProxyCreator,org.springframework.transaction.annotation.AnnotationTransactionAttributeSource#0,org.springframework.transaction.interceptor.TransactionInterceptor#0,org.springframework.transaction.config.internalTransactionAdvisor,bookAction,orderAction,userAction,bookDaoImpl,daoSupportImpl,orderItemDaoImpl,userDaoImpl,bookServiceImpl,orderServiceImpl,userServiceImpl,org.springframework.context.annotation.internalConfigurationAnnotationProcessor,org.springframework.context.annotation.internalAutowiredAnnotationProcessor,org.springframework.context.annotation.internalRequiredAnnotationProcessor,org.springframework.context.annotation.internalCommonAnnotationProcessor,org.springframework.context.annotation.internalPersistenceAnnotationProcessor,org.springframework.context.annotation.ConfigurationClassPostProcessor$ImportAwareBeanPostProcessor#0]; root of factory hierarchy
2012-11-03 15:33:53  [ main:1073 ] - [ INFO ]  MLog clients using log4j logging.
2012-11-03 15:33:53  [ main:1268 ] - [ INFO ]  Initializing c3p0-0.9.1 [built 16-January-2007 14:46:42; debug? true; trace: 10]
2012-11-03 15:33:54  [ main:2329 ] - [ INFO ]  Building new Hibernate SessionFactory
2012-11-03 15:33:54  [ main:2620 ] - [ INFO ]  Initializing c3p0 pool... com.mchange.v2.c3p0.ComboPooledDataSource [ acquireIncrement -> 3, acquireRetryAttempts -> 30, acquireRetryDelay -> 1000, autoCommitOnClose -> false, automaticTestTable -> null, breakAfterAcquireFailure -> false, checkoutTimeout -> 0, connectionCustomizerClassName -> null, connectionTesterClassName -> com.mchange.v2.c3p0.impl.DefaultConnectionTester, dataSourceName -> 1hge1388q1ipoe9q1nyb6sb|1ddcfef, debugUnreturnedConnectionStackTraces -> false, description -> null, driverClass -> com.mysql.jdbc.Driver, factoryClassLocation -> null, forceIgnoreUnresolvedTransactions -> false, identityToken -> 1hge1388q1ipoe9q1nyb6sb|1ddcfef, idleConnectionTestPeriod -> 0, initialPoolSize -> 3, jdbcUrl -> jdbc:mysql://localhost:3306/shopping?useUnicode=true&amp;characterEncoding=utf8, lastAcquisitionFailureDefaultUser -> null, maxAdministrativeTaskTime -> 0, maxConnectionAge -> 0, maxIdleTime -> 0, maxIdleTimeExcessConnections -> 0, maxPoolSize -> 15, maxStatements -> 0, maxStatementsPerConnection -> 0, minPoolSize -> 3, numHelperThreads -> 3, numThreadsAwaitingCheckoutDefaultUser -> 0, preferredTestQuery -> null, properties -> {user=******, password=******}, propertyCycle -> 0, testConnectionOnCheckin -> false, testConnectionOnCheckout -> false, unreturnedConnectionTimeout -> 0, usesTraditionalReflectiveProxies -> false ]
2012-11-03 15:33:55  [ main:3622 ] - [ INFO ]  Using DataSource [com.mchange.v2.c3p0.ComboPooledDataSource [ acquireIncrement -> 3, acquireRetryAttempts -> 30, acquireRetryDelay -> 1000, autoCommitOnClose -> false, automaticTestTable -> null, breakAfterAcquireFailure -> false, checkoutTimeout -> 0, connectionCustomizerClassName -> null, connectionTesterClassName -> com.mchange.v2.c3p0.impl.DefaultConnectionTester, dataSourceName -> 1hge1388q1ipoe9q1nyb6sb|1ddcfef, debugUnreturnedConnectionStackTraces -> false, description -> null, driverClass -> com.mysql.jdbc.Driver, factoryClassLocation -> null, forceIgnoreUnresolvedTransactions -> false, identityToken -> 1hge1388q1ipoe9q1nyb6sb|1ddcfef, idleConnectionTestPeriod -> 0, initialPoolSize -> 3, jdbcUrl -> jdbc:mysql://localhost:3306/shopping?useUnicode=true&amp;characterEncoding=utf8, lastAcquisitionFailureDefaultUser -> null, maxAdministrativeTaskTime -> 0, maxConnectionAge -> 0, maxIdleTime -> 0, maxIdleTimeExcessConnections -> 0, maxPoolSize -> 15, maxStatements -> 0, maxStatementsPerConnection -> 0, minPoolSize -> 3, numHelperThreads -> 3, numThreadsAwaitingCheckoutDefaultUser -> 0, preferredTestQuery -> null, properties -> {user=******, password=******}, propertyCycle -> 0, testConnectionOnCheckin -> false, testConnectionOnCheckout -> false, unreturnedConnectionTimeout -> 0, usesTraditionalReflectiveProxies -> false ]] of Hibernate SessionFactory for HibernateTransactionManager
2012-11-03 15:33:55  [ main:3860 ] - [ INFO ]  Try to add a book.
2012-11-03 15:33:55  [ main:3942 ] - [ INFO ]  Add book successfully.
2012-11-03 15:33:56  [ main:4249 ] - [ INFO ]  Try to find a book.
2012-11-03 15:33:56  [ main:4280 ] - [ INFO ]  Find book successfully.
2012-11-03 15:37:09  [ main:0 ] - [ INFO ]  Refreshing org.springframework.context.support.ClassPathXmlApplicationContext@6e7127: startup date [Sat Nov 03 15:37:09 CST 2012]; root of context hierarchy
2012-11-03 15:37:09  [ main:132 ] - [ INFO ]  Loading XML bean definitions from class path resource [applicationContext.xml]
2012-11-03 15:37:11  [ main:1834 ] - [ INFO ]  Loading properties file from class path resource [jdbc.properties]
2012-11-03 15:37:11  [ main:1912 ] - [ INFO ]  Pre-instantiating singletons in org.springframework.beans.factory.support.DefaultListableBeanFactory@14cda3: defining beans [org.springframework.beans.factory.config.PropertyPlaceholderConfigurer#0,dataSource,sessionFactory,transactionManager,org.springframework.aop.config.internalAutoProxyCreator,org.springframework.transaction.annotation.AnnotationTransactionAttributeSource#0,org.springframework.transaction.interceptor.TransactionInterceptor#0,org.springframework.transaction.config.internalTransactionAdvisor,bookAction,orderAction,userAction,bookDaoImpl,daoSupportImpl,orderItemDaoImpl,userDaoImpl,bookServiceImpl,orderServiceImpl,userServiceImpl,org.springframework.context.annotation.internalConfigurationAnnotationProcessor,org.springframework.context.annotation.internalAutowiredAnnotationProcessor,org.springframework.context.annotation.internalRequiredAnnotationProcessor,org.springframework.context.annotation.internalCommonAnnotationProcessor,org.springframework.context.annotation.internalPersistenceAnnotationProcessor,org.springframework.context.annotation.ConfigurationClassPostProcessor$ImportAwareBeanPostProcessor#0]; root of factory hierarchy
2012-11-03 15:37:11  [ main:1944 ] - [ INFO ]  MLog clients using log4j logging.
2012-11-03 15:37:11  [ main:2135 ] - [ INFO ]  Initializing c3p0-0.9.1 [built 16-January-2007 14:46:42; debug? true; trace: 10]
2012-11-03 15:37:13  [ main:3447 ] - [ INFO ]  Building new Hibernate SessionFactory
2012-11-03 15:37:13  [ main:3564 ] - [ INFO ]  Initializing c3p0 pool... com.mchange.v2.c3p0.ComboPooledDataSource [ acquireIncrement -> 3, acquireRetryAttempts -> 30, acquireRetryDelay -> 1000, autoCommitOnClose -> false, automaticTestTable -> null, breakAfterAcquireFailure -> false, checkoutTimeout -> 0, connectionCustomizerClassName -> null, connectionTesterClassName -> com.mchange.v2.c3p0.impl.DefaultConnectionTester, dataSourceName -> 1hge1388q1ipsnfp1wmow6k|17e8a35, debugUnreturnedConnectionStackTraces -> false, description -> null, driverClass -> com.mysql.jdbc.Driver, factoryClassLocation -> null, forceIgnoreUnresolvedTransactions -> false, identityToken -> 1hge1388q1ipsnfp1wmow6k|17e8a35, idleConnectionTestPeriod -> 0, initialPoolSize -> 3, jdbcUrl -> jdbc:mysql://localhost:3306/shopping?useUnicode=true&amp;characterEncoding=utf8, lastAcquisitionFailureDefaultUser -> null, maxAdministrativeTaskTime -> 0, maxConnectionAge -> 0, maxIdleTime -> 0, maxIdleTimeExcessConnections -> 0, maxPoolSize -> 15, maxStatements -> 0, maxStatementsPerConnection -> 0, minPoolSize -> 3, numHelperThreads -> 3, numThreadsAwaitingCheckoutDefaultUser -> 0, preferredTestQuery -> null, properties -> {user=******, password=******}, propertyCycle -> 0, testConnectionOnCheckin -> false, testConnectionOnCheckout -> false, unreturnedConnectionTimeout -> 0, usesTraditionalReflectiveProxies -> false ]
2012-11-03 15:37:14  [ main:4521 ] - [ INFO ]  Using DataSource [com.mchange.v2.c3p0.ComboPooledDataSource [ acquireIncrement -> 3, acquireRetryAttempts -> 30, acquireRetryDelay -> 1000, autoCommitOnClose -> false, automaticTestTable -> null, breakAfterAcquireFailure -> false, checkoutTimeout -> 0, connectionCustomizerClassName -> null, connectionTesterClassName -> com.mchange.v2.c3p0.impl.DefaultConnectionTester, dataSourceName -> 1hge1388q1ipsnfp1wmow6k|17e8a35, debugUnreturnedConnectionStackTraces -> false, description -> null, driverClass -> com.mysql.jdbc.Driver, factoryClassLocation -> null, forceIgnoreUnresolvedTransactions -> false, identityToken -> 1hge1388q1ipsnfp1wmow6k|17e8a35, idleConnectionTestPeriod -> 0, initialPoolSize -> 3, jdbcUrl -> jdbc:mysql://localhost:3306/shopping?useUnicode=true&amp;characterEncoding=utf8, lastAcquisitionFailureDefaultUser -> null, maxAdministrativeTaskTime -> 0, maxConnectionAge -> 0, maxIdleTime -> 0, maxIdleTimeExcessConnections -> 0, maxPoolSize -> 15, maxStatements -> 0, maxStatementsPerConnection -> 0, minPoolSize -> 3, numHelperThreads -> 3, numThreadsAwaitingCheckoutDefaultUser -> 0, preferredTestQuery -> null, properties -> {user=******, password=******}, propertyCycle -> 0, testConnectionOnCheckin -> false, testConnectionOnCheckout -> false, unreturnedConnectionTimeout -> 0, usesTraditionalReflectiveProxies -> false ]] of Hibernate SessionFactory for HibernateTransactionManager
2012-11-03 15:37:14  [ main:4744 ] - [ INFO ]  Try to add a book.
2012-11-03 15:37:14  [ main:4822 ] - [ INFO ]  Add book successfully.
2012-11-03 15:37:14  [ main:5030 ] - [ INFO ]  Try to find a book.
2012-11-03 15:37:14  [ main:5061 ] - [ INFO ]  Find book successfully.
2012-11-03 15:47:32  [ main:0 ] - [ INFO ]  Refreshing org.springframework.context.support.ClassPathXmlApplicationContext@118317f: startup date [Sat Nov 03 15:47:32 CST 2012]; root of context hierarchy
2012-11-03 15:47:32  [ main:122 ] - [ INFO ]  Loading XML bean definitions from class path resource [applicationContext.xml]
2012-11-03 15:47:33  [ main:892 ] - [ INFO ]  Loading properties file from class path resource [jdbc.properties]
2012-11-03 15:47:33  [ main:978 ] - [ INFO ]  Pre-instantiating singletons in org.springframework.beans.factory.support.DefaultListableBeanFactory@9e7e94: defining beans [org.springframework.beans.factory.config.PropertyPlaceholderConfigurer#0,dataSource,sessionFactory,transactionManager,org.springframework.aop.config.internalAutoProxyCreator,org.springframework.transaction.annotation.AnnotationTransactionAttributeSource#0,org.springframework.transaction.interceptor.TransactionInterceptor#0,org.springframework.transaction.config.internalTransactionAdvisor,bookAction,orderAction,userAction,bookDaoImpl,daoSupportImpl,orderItemDaoImpl,userDaoImpl,bookServiceImpl,orderServiceImpl,userServiceImpl,org.springframework.context.annotation.internalConfigurationAnnotationProcessor,org.springframework.context.annotation.internalAutowiredAnnotationProcessor,org.springframework.context.annotation.internalRequiredAnnotationProcessor,org.springframework.context.annotation.internalCommonAnnotationProcessor,org.springframework.context.annotation.internalPersistenceAnnotationProcessor,org.springframework.context.annotation.ConfigurationClassPostProcessor$ImportAwareBeanPostProcessor#0]; root of factory hierarchy
2012-11-03 15:47:33  [ main:1009 ] - [ INFO ]  MLog clients using log4j logging.
2012-11-03 15:47:33  [ main:1205 ] - [ INFO ]  Initializing c3p0-0.9.1 [built 16-January-2007 14:46:42; debug? true; trace: 10]
2012-11-03 15:47:35  [ main:2897 ] - [ INFO ]  Building new Hibernate SessionFactory
2012-11-03 15:47:35  [ main:3041 ] - [ INFO ]  Initializing c3p0 pool... com.mchange.v2.c3p0.ComboPooledDataSource [ acquireIncrement -> 3, acquireRetryAttempts -> 30, acquireRetryDelay -> 1000, autoCommitOnClose -> false, automaticTestTable -> null, breakAfterAcquireFailure -> false, checkoutTimeout -> 0, connectionCustomizerClassName -> null, connectionTesterClassName -> com.mchange.v2.c3p0.impl.DefaultConnectionTester, dataSourceName -> 1ox3drr8q1iq5zed1qcope7|199182a, debugUnreturnedConnectionStackTraces -> false, description -> null, driverClass -> com.mysql.jdbc.Driver, factoryClassLocation -> null, forceIgnoreUnresolvedTransactions -> false, identityToken -> 1ox3drr8q1iq5zed1qcope7|199182a, idleConnectionTestPeriod -> 0, initialPoolSize -> 3, jdbcUrl -> jdbc:mysql://localhost:3306/shopping?useUnicode=true&amp;characterEncoding=utf8, lastAcquisitionFailureDefaultUser -> null, maxAdministrativeTaskTime -> 0, maxConnectionAge -> 0, maxIdleTime -> 0, maxIdleTimeExcessConnections -> 0, maxPoolSize -> 15, maxStatements -> 0, maxStatementsPerConnection -> 0, minPoolSize -> 3, numHelperThreads -> 3, numThreadsAwaitingCheckoutDefaultUser -> 0, preferredTestQuery -> null, properties -> {user=******, password=******}, propertyCycle -> 0, testConnectionOnCheckin -> false, testConnectionOnCheckout -> false, unreturnedConnectionTimeout -> 0, usesTraditionalReflectiveProxies -> false ]
2012-11-03 15:47:36  [ main:4031 ] - [ INFO ]  Using DataSource [com.mchange.v2.c3p0.ComboPooledDataSource [ acquireIncrement -> 3, acquireRetryAttempts -> 30, acquireRetryDelay -> 1000, autoCommitOnClose -> false, automaticTestTable -> null, breakAfterAcquireFailure -> false, checkoutTimeout -> 0, connectionCustomizerClassName -> null, connectionTesterClassName -> com.mchange.v2.c3p0.impl.DefaultConnectionTester, dataSourceName -> 1ox3drr8q1iq5zed1qcope7|199182a, debugUnreturnedConnectionStackTraces -> false, description -> null, driverClass -> com.mysql.jdbc.Driver, factoryClassLocation -> null, forceIgnoreUnresolvedTransactions -> false, identityToken -> 1ox3drr8q1iq5zed1qcope7|199182a, idleConnectionTestPeriod -> 0, initialPoolSize -> 3, jdbcUrl -> jdbc:mysql://localhost:3306/shopping?useUnicode=true&amp;characterEncoding=utf8, lastAcquisitionFailureDefaultUser -> null, maxAdministrativeTaskTime -> 0, maxConnectionAge -> 0, maxIdleTime -> 0, maxIdleTimeExcessConnections -> 0, maxPoolSize -> 15, maxStatements -> 0, maxStatementsPerConnection -> 0, minPoolSize -> 3, numHelperThreads -> 3, numThreadsAwaitingCheckoutDefaultUser -> 0, preferredTestQuery -> null, properties -> {user=******, password=******}, propertyCycle -> 0, testConnectionOnCheckin -> false, testConnectionOnCheckout -> false, unreturnedConnectionTimeout -> 0, usesTraditionalReflectiveProxies -> false ]] of Hibernate SessionFactory for HibernateTransactionManager
2012-11-03 15:47:36  [ main:4176 ] - [ INFO ]  Try to find a book.
2012-11-03 15:47:36  [ main:4320 ] - [ INFO ]  Find book successfully.
2012-11-03 15:47:36  [ main:4327 ] - [ INFO ]  Try to find a book.
2012-11-03 15:47:36  [ main:4331 ] - [ INFO ]  Find book successfully.
2012-11-03 15:47:36  [ main:4355 ] - [ INFO ]  Try to add a order.
2012-11-03 15:47:36  [ main:4376 ] - [ INFO ]  Add a order successfully.
2012-11-03 15:48:55  [ main:0 ] - [ INFO ]  Refreshing org.springframework.context.support.ClassPathXmlApplicationContext@1d3633c: startup date [Sat Nov 03 15:48:55 CST 2012]; root of context hierarchy
2012-11-03 15:48:55  [ main:133 ] - [ INFO ]  Loading XML bean definitions from class path resource [applicationContext.xml]
2012-11-03 15:48:56  [ main:1333 ] - [ INFO ]  Loading properties file from class path resource [jdbc.properties]
2012-11-03 15:48:56  [ main:1409 ] - [ INFO ]  Pre-instantiating singletons in org.springframework.beans.factory.support.DefaultListableBeanFactory@1785b00: defining beans [org.springframework.beans.factory.config.PropertyPlaceholderConfigurer#0,dataSource,sessionFactory,transactionManager,org.springframework.aop.config.internalAutoProxyCreator,org.springframework.transaction.annotation.AnnotationTransactionAttributeSource#0,org.springframework.transaction.interceptor.TransactionInterceptor#0,org.springframework.transaction.config.internalTransactionAdvisor,bookAction,orderAction,userAction,bookDaoImpl,daoSupportImpl,orderItemDaoImpl,userDaoImpl,bookServiceImpl,orderServiceImpl,userServiceImpl,org.springframework.context.annotation.internalConfigurationAnnotationProcessor,org.springframework.context.annotation.internalAutowiredAnnotationProcessor,org.springframework.context.annotation.internalRequiredAnnotationProcessor,org.springframework.context.annotation.internalCommonAnnotationProcessor,org.springframework.context.annotation.internalPersistenceAnnotationProcessor,org.springframework.context.annotation.ConfigurationClassPostProcessor$ImportAwareBeanPostProcessor#0]; root of factory hierarchy
2012-11-03 15:48:56  [ main:1437 ] - [ INFO ]  MLog clients using log4j logging.
2012-11-03 15:48:57  [ main:1919 ] - [ INFO ]  Initializing c3p0-0.9.1 [built 16-January-2007 14:46:42; debug? true; trace: 10]
2012-11-03 15:48:58  [ main:3166 ] - [ INFO ]  Building new Hibernate SessionFactory
2012-11-03 15:48:58  [ main:3289 ] - [ INFO ]  Initializing c3p0 pool... com.mchange.v2.c3p0.ComboPooledDataSource [ acquireIncrement -> 3, acquireRetryAttempts -> 30, acquireRetryDelay -> 1000, autoCommitOnClose -> false, automaticTestTable -> null, breakAfterAcquireFailure -> false, checkoutTimeout -> 0, connectionCustomizerClassName -> null, connectionTesterClassName -> com.mchange.v2.c3p0.impl.DefaultConnectionTester, dataSourceName -> 1ox3drr8q1iq7rpj1ypppom|1f3bd93, debugUnreturnedConnectionStackTraces -> false, description -> null, driverClass -> com.mysql.jdbc.Driver, factoryClassLocation -> null, forceIgnoreUnresolvedTransactions -> false, identityToken -> 1ox3drr8q1iq7rpj1ypppom|1f3bd93, idleConnectionTestPeriod -> 0, initialPoolSize -> 3, jdbcUrl -> jdbc:mysql://localhost:3306/shopping?useUnicode=true&amp;characterEncoding=utf8, lastAcquisitionFailureDefaultUser -> null, maxAdministrativeTaskTime -> 0, maxConnectionAge -> 0, maxIdleTime -> 0, maxIdleTimeExcessConnections -> 0, maxPoolSize -> 15, maxStatements -> 0, maxStatementsPerConnection -> 0, minPoolSize -> 3, numHelperThreads -> 3, numThreadsAwaitingCheckoutDefaultUser -> 0, preferredTestQuery -> null, properties -> {user=******, password=******}, propertyCycle -> 0, testConnectionOnCheckin -> false, testConnectionOnCheckout -> false, unreturnedConnectionTimeout -> 0, usesTraditionalReflectiveProxies -> false ]
2012-11-03 15:48:59  [ main:4264 ] - [ INFO ]  Using DataSource [com.mchange.v2.c3p0.ComboPooledDataSource [ acquireIncrement -> 3, acquireRetryAttempts -> 30, acquireRetryDelay -> 1000, autoCommitOnClose -> false, automaticTestTable -> null, breakAfterAcquireFailure -> false, checkoutTimeout -> 0, connectionCustomizerClassName -> null, connectionTesterClassName -> com.mchange.v2.c3p0.impl.DefaultConnectionTester, dataSourceName -> 1ox3drr8q1iq7rpj1ypppom|1f3bd93, debugUnreturnedConnectionStackTraces -> false, description -> null, driverClass -> com.mysql.jdbc.Driver, factoryClassLocation -> null, forceIgnoreUnresolvedTransactions -> false, identityToken -> 1ox3drr8q1iq7rpj1ypppom|1f3bd93, idleConnectionTestPeriod -> 0, initialPoolSize -> 3, jdbcUrl -> jdbc:mysql://localhost:3306/shopping?useUnicode=true&amp;characterEncoding=utf8, lastAcquisitionFailureDefaultUser -> null, maxAdministrativeTaskTime -> 0, maxConnectionAge -> 0, maxIdleTime -> 0, maxIdleTimeExcessConnections -> 0, maxPoolSize -> 15, maxStatements -> 0, maxStatementsPerConnection -> 0, minPoolSize -> 3, numHelperThreads -> 3, numThreadsAwaitingCheckoutDefaultUser -> 0, preferredTestQuery -> null, properties -> {user=******, password=******}, propertyCycle -> 0, testConnectionOnCheckin -> false, testConnectionOnCheckout -> false, unreturnedConnectionTimeout -> 0, usesTraditionalReflectiveProxies -> false ]] of Hibernate SessionFactory for HibernateTransactionManager
2012-11-03 15:48:59  [ main:4405 ] - [ INFO ]  Try to find a book.
2012-11-03 15:48:59  [ main:4548 ] - [ INFO ]  Find book successfully.
2012-11-03 15:48:59  [ main:4555 ] - [ INFO ]  Try to find a book.
2012-11-03 15:49:00  [ main:4559 ] - [ INFO ]  Find book successfully.
2012-11-03 15:49:00  [ main:4587 ] - [ INFO ]  Try to add a order.
2012-11-03 15:49:00  [ main:4608 ] - [ INFO ]  Add a order successfully.
2012-11-03 15:52:13  [ main:0 ] - [ INFO ]  Refreshing org.springframework.context.support.ClassPathXmlApplicationContext@6e7127: startup date [Sat Nov 03 15:52:13 CST 2012]; root of context hierarchy
2012-11-03 15:52:13  [ main:119 ] - [ INFO ]  Loading XML bean definitions from class path resource [applicationContext.xml]
2012-11-03 15:52:14  [ main:914 ] - [ INFO ]  Loading properties file from class path resource [jdbc.properties]
2012-11-03 15:52:14  [ main:1107 ] - [ INFO ]  Pre-instantiating singletons in org.springframework.beans.factory.support.DefaultListableBeanFactory@68c278: defining beans [org.springframework.beans.factory.config.PropertyPlaceholderConfigurer#0,dataSource,sessionFactory,transactionManager,org.springframework.aop.config.internalAutoProxyCreator,org.springframework.transaction.annotation.AnnotationTransactionAttributeSource#0,org.springframework.transaction.interceptor.TransactionInterceptor#0,org.springframework.transaction.config.internalTransactionAdvisor,bookAction,orderAction,userAction,bookDaoImpl,daoSupportImpl,orderItemDaoImpl,userDaoImpl,bookServiceImpl,orderServiceImpl,userServiceImpl,org.springframework.context.annotation.internalConfigurationAnnotationProcessor,org.springframework.context.annotation.internalAutowiredAnnotationProcessor,org.springframework.context.annotation.internalRequiredAnnotationProcessor,org.springframework.context.annotation.internalCommonAnnotationProcessor,org.springframework.context.annotation.internalPersistenceAnnotationProcessor,org.springframework.context.annotation.ConfigurationClassPostProcessor$ImportAwareBeanPostProcessor#0]; root of factory hierarchy
2012-11-03 15:52:14  [ main:1135 ] - [ INFO ]  MLog clients using log4j logging.
2012-11-03 15:52:14  [ main:1325 ] - [ INFO ]  Initializing c3p0-0.9.1 [built 16-January-2007 14:46:42; debug? true; trace: 10]
2012-11-03 15:52:15  [ main:2351 ] - [ INFO ]  Building new Hibernate SessionFactory
2012-11-03 15:52:15  [ main:2467 ] - [ INFO ]  Initializing c3p0 pool... com.mchange.v2.c3p0.ComboPooledDataSource [ acquireIncrement -> 3, acquireRetryAttempts -> 30, acquireRetryDelay -> 1000, autoCommitOnClose -> false, automaticTestTable -> null, breakAfterAcquireFailure -> false, checkoutTimeout -> 0, connectionCustomizerClassName -> null, connectionTesterClassName -> com.mchange.v2.c3p0.impl.DefaultConnectionTester, dataSourceName -> 1ox3drr8q1iqc0avr0h6ej|1f53ee3, debugUnreturnedConnectionStackTraces -> false, description -> null, driverClass -> com.mysql.jdbc.Driver, factoryClassLocation -> null, forceIgnoreUnresolvedTransactions -> false, identityToken -> 1ox3drr8q1iqc0avr0h6ej|1f53ee3, idleConnectionTestPeriod -> 0, initialPoolSize -> 3, jdbcUrl -> jdbc:mysql://localhost:3306/shopping?useUnicode=true&amp;characterEncoding=utf8, lastAcquisitionFailureDefaultUser -> null, maxAdministrativeTaskTime -> 0, maxConnectionAge -> 0, maxIdleTime -> 0, maxIdleTimeExcessConnections -> 0, maxPoolSize -> 15, maxStatements -> 0, maxStatementsPerConnection -> 0, minPoolSize -> 3, numHelperThreads -> 3, numThreadsAwaitingCheckoutDefaultUser -> 0, preferredTestQuery -> null, properties -> {user=******, password=******}, propertyCycle -> 0, testConnectionOnCheckin -> false, testConnectionOnCheckout -> false, unreturnedConnectionTimeout -> 0, usesTraditionalReflectiveProxies -> false ]
2012-11-03 15:52:16  [ main:3446 ] - [ INFO ]  Using DataSource [com.mchange.v2.c3p0.ComboPooledDataSource [ acquireIncrement -> 3, acquireRetryAttempts -> 30, acquireRetryDelay -> 1000, autoCommitOnClose -> false, automaticTestTable -> null, breakAfterAcquireFailure -> false, checkoutTimeout -> 0, connectionCustomizerClassName -> null, connectionTesterClassName -> com.mchange.v2.c3p0.impl.DefaultConnectionTester, dataSourceName -> 1ox3drr8q1iqc0avr0h6ej|1f53ee3, debugUnreturnedConnectionStackTraces -> false, description -> null, driverClass -> com.mysql.jdbc.Driver, factoryClassLocation -> null, forceIgnoreUnresolvedTransactions -> false, identityToken -> 1ox3drr8q1iqc0avr0h6ej|1f53ee3, idleConnectionTestPeriod -> 0, initialPoolSize -> 3, jdbcUrl -> jdbc:mysql://localhost:3306/shopping?useUnicode=true&amp;characterEncoding=utf8, lastAcquisitionFailureDefaultUser -> null, maxAdministrativeTaskTime -> 0, maxConnectionAge -> 0, maxIdleTime -> 0, maxIdleTimeExcessConnections -> 0, maxPoolSize -> 15, maxStatements -> 0, maxStatementsPerConnection -> 0, minPoolSize -> 3, numHelperThreads -> 3, numThreadsAwaitingCheckoutDefaultUser -> 0, preferredTestQuery -> null, properties -> {user=******, password=******}, propertyCycle -> 0, testConnectionOnCheckin -> false, testConnectionOnCheckout -> false, unreturnedConnectionTimeout -> 0, usesTraditionalReflectiveProxies -> false ]] of Hibernate SessionFactory for HibernateTransactionManager
2012-11-03 15:52:17  [ main:3657 ] - [ INFO ]  Try to add a book.
2012-11-03 15:52:17  [ main:3734 ] - [ INFO ]  Add book successfully.
2012-11-03 15:52:17  [ main:4401 ] - [ INFO ]  Try to find a book.
2012-11-03 15:52:17  [ main:4438 ] - [ INFO ]  Find book successfully.
2012-11-03 15:56:05  [ main:0 ] - [ INFO ]  Refreshing org.springframework.context.support.ClassPathXmlApplicationContext@6e7127: startup date [Sat Nov 03 15:56:05 CST 2012]; root of context hierarchy
2012-11-03 15:56:05  [ main:148 ] - [ INFO ]  Loading XML bean definitions from class path resource [applicationContext.xml]
2012-11-03 15:56:06  [ main:977 ] - [ INFO ]  Loading properties file from class path resource [jdbc.properties]
2012-11-03 15:56:06  [ main:1055 ] - [ INFO ]  Pre-instantiating singletons in org.springframework.beans.factory.support.DefaultListableBeanFactory@1b75db9: defining beans [org.springframework.beans.factory.config.PropertyPlaceholderConfigurer#0,dataSource,sessionFactory,transactionManager,org.springframework.aop.config.internalAutoProxyCreator,org.springframework.transaction.annotation.AnnotationTransactionAttributeSource#0,org.springframework.transaction.interceptor.TransactionInterceptor#0,org.springframework.transaction.config.internalTransactionAdvisor,bookAction,orderAction,userAction,bookDaoImpl,daoSupportImpl,orderItemDaoImpl,userDaoImpl,bookServiceImpl,orderServiceImpl,userServiceImpl,org.springframework.context.annotation.internalConfigurationAnnotationProcessor,org.springframework.context.annotation.internalAutowiredAnnotationProcessor,org.springframework.context.annotation.internalRequiredAnnotationProcessor,org.springframework.context.annotation.internalCommonAnnotationProcessor,org.springframework.context.annotation.internalPersistenceAnnotationProcessor,org.springframework.context.annotation.ConfigurationClassPostProcessor$ImportAwareBeanPostProcessor#0]; root of factory hierarchy
2012-11-03 15:56:06  [ main:1088 ] - [ INFO ]  MLog clients using log4j logging.
2012-11-03 15:56:06  [ main:1280 ] - [ INFO ]  Initializing c3p0-0.9.1 [built 16-January-2007 14:46:42; debug? true; trace: 10]
2012-11-03 15:56:07  [ main:2296 ] - [ INFO ]  Building new Hibernate SessionFactory
2012-11-03 15:56:07  [ main:2415 ] - [ INFO ]  Initializing c3p0 pool... com.mchange.v2.c3p0.ComboPooledDataSource [ acquireIncrement -> 3, acquireRetryAttempts -> 30, acquireRetryDelay -> 1000, autoCommitOnClose -> false, automaticTestTable -> null, breakAfterAcquireFailure -> false, checkoutTimeout -> 0, connectionCustomizerClassName -> null, connectionTesterClassName -> com.mchange.v2.c3p0.impl.DefaultConnectionTester, dataSourceName -> 1ox3drr8q1iqgz24ts3nz8|1f3bd93, debugUnreturnedConnectionStackTraces -> false, description -> null, driverClass -> com.mysql.jdbc.Driver, factoryClassLocation -> null, forceIgnoreUnresolvedTransactions -> false, identityToken -> 1ox3drr8q1iqgz24ts3nz8|1f3bd93, idleConnectionTestPeriod -> 0, initialPoolSize -> 3, jdbcUrl -> jdbc:mysql://localhost:3306/shopping?useUnicode=true&characterEncoding=utf8, lastAcquisitionFailureDefaultUser -> null, maxAdministrativeTaskTime -> 0, maxConnectionAge -> 0, maxIdleTime -> 0, maxIdleTimeExcessConnections -> 0, maxPoolSize -> 15, maxStatements -> 0, maxStatementsPerConnection -> 0, minPoolSize -> 3, numHelperThreads -> 3, numThreadsAwaitingCheckoutDefaultUser -> 0, preferredTestQuery -> null, properties -> {user=******, password=******}, propertyCycle -> 0, testConnectionOnCheckin -> false, testConnectionOnCheckout -> false, unreturnedConnectionTimeout -> 0, usesTraditionalReflectiveProxies -> false ]
2012-11-03 15:56:08  [ main:3414 ] - [ INFO ]  Using DataSource [com.mchange.v2.c3p0.ComboPooledDataSource [ acquireIncrement -> 3, acquireRetryAttempts -> 30, acquireRetryDelay -> 1000, autoCommitOnClose -> false, automaticTestTable -> null, breakAfterAcquireFailure -> false, checkoutTimeout -> 0, connectionCustomizerClassName -> null, connectionTesterClassName -> com.mchange.v2.c3p0.impl.DefaultConnectionTester, dataSourceName -> 1ox3drr8q1iqgz24ts3nz8|1f3bd93, debugUnreturnedConnectionStackTraces -> false, description -> null, driverClass -> com.mysql.jdbc.Driver, factoryClassLocation -> null, forceIgnoreUnresolvedTransactions -> false, identityToken -> 1ox3drr8q1iqgz24ts3nz8|1f3bd93, idleConnectionTestPeriod -> 0, initialPoolSize -> 3, jdbcUrl -> jdbc:mysql://localhost:3306/shopping?useUnicode=true&characterEncoding=utf8, lastAcquisitionFailureDefaultUser -> null, maxAdministrativeTaskTime -> 0, maxConnectionAge -> 0, maxIdleTime -> 0, maxIdleTimeExcessConnections -> 0, maxPoolSize -> 15, maxStatements -> 0, maxStatementsPerConnection -> 0, minPoolSize -> 3, numHelperThreads -> 3, numThreadsAwaitingCheckoutDefaultUser -> 0, preferredTestQuery -> null, properties -> {user=******, password=******}, propertyCycle -> 0, testConnectionOnCheckin -> false, testConnectionOnCheckout -> false, unreturnedConnectionTimeout -> 0, usesTraditionalReflectiveProxies -> false ]] of Hibernate SessionFactory for HibernateTransactionManager
2012-11-03 15:56:08  [ main:3637 ] - [ INFO ]  Try to add a book.
2012-11-03 15:56:08  [ main:3721 ] - [ INFO ]  Add book successfully.
2012-11-03 15:56:09  [ main:4190 ] - [ INFO ]  Try to find a book.
2012-11-03 15:56:09  [ main:4233 ] - [ INFO ]  Find book successfully.
2012-11-03 15:57:52  [ main:0 ] - [ INFO ]  Refreshing org.springframework.context.support.ClassPathXmlApplicationContext@6e7127: startup date [Sat Nov 03 15:57:52 CST 2012]; root of context hierarchy
2012-11-03 15:57:52  [ main:131 ] - [ INFO ]  Loading XML bean definitions from class path resource [applicationContext.xml]
2012-11-03 15:57:53  [ main:906 ] - [ INFO ]  Loading properties file from class path resource [jdbc.properties]
2012-11-03 15:57:53  [ main:984 ] - [ INFO ]  Pre-instantiating singletons in org.springframework.beans.factory.support.DefaultListableBeanFactory@1b75db9: defining beans [org.springframework.beans.factory.config.PropertyPlaceholderConfigurer#0,dataSource,sessionFactory,transactionManager,org.springframework.aop.config.internalAutoProxyCreator,org.springframework.transaction.annotation.AnnotationTransactionAttributeSource#0,org.springframework.transaction.interceptor.TransactionInterceptor#0,org.springframework.transaction.config.internalTransactionAdvisor,bookAction,orderAction,userAction,bookDaoImpl,daoSupportImpl,orderItemDaoImpl,userDaoImpl,bookServiceImpl,orderServiceImpl,userServiceImpl,org.springframework.context.annotation.internalConfigurationAnnotationProcessor,org.springframework.context.annotation.internalAutowiredAnnotationProcessor,org.springframework.context.annotation.internalRequiredAnnotationProcessor,org.springframework.context.annotation.internalCommonAnnotationProcessor,org.springframework.context.annotation.internalPersistenceAnnotationProcessor,org.springframework.context.annotation.ConfigurationClassPostProcessor$ImportAwareBeanPostProcessor#0]; root of factory hierarchy
2012-11-03 15:57:53  [ main:1031 ] - [ INFO ]  MLog clients using log4j logging.
2012-11-03 15:57:53  [ main:1219 ] - [ INFO ]  Initializing c3p0-0.9.1 [built 16-January-2007 14:46:42; debug? true; trace: 10]
2012-11-03 15:57:54  [ main:2238 ] - [ INFO ]  Building new Hibernate SessionFactory
2012-11-03 15:57:55  [ main:2354 ] - [ INFO ]  Initializing c3p0 pool... com.mchange.v2.c3p0.ComboPooledDataSource [ acquireIncrement -> 3, acquireRetryAttempts -> 30, acquireRetryDelay -> 1000, autoCommitOnClose -> false, automaticTestTable -> null, breakAfterAcquireFailure -> false, checkoutTimeout -> 0, connectionCustomizerClassName -> null, connectionTesterClassName -> com.mchange.v2.c3p0.impl.DefaultConnectionTester, dataSourceName -> 1ox3drr8q1iqj9zeahzzgc|1f3bd93, debugUnreturnedConnectionStackTraces -> false, description -> null, driverClass -> com.mysql.jdbc.Driver, factoryClassLocation -> null, forceIgnoreUnresolvedTransactions -> false, identityToken -> 1ox3drr8q1iqj9zeahzzgc|1f3bd93, idleConnectionTestPeriod -> 0, initialPoolSize -> 3, jdbcUrl -> jdbc:mysql://localhost:3306/shopping?useUnicode=true&characterEncoding=utf8, lastAcquisitionFailureDefaultUser -> null, maxAdministrativeTaskTime -> 0, maxConnectionAge -> 0, maxIdleTime -> 0, maxIdleTimeExcessConnections -> 0, maxPoolSize -> 15, maxStatements -> 0, maxStatementsPerConnection -> 0, minPoolSize -> 3, numHelperThreads -> 3, numThreadsAwaitingCheckoutDefaultUser -> 0, preferredTestQuery -> null, properties -> {user=******, password=******}, propertyCycle -> 0, testConnectionOnCheckin -> false, testConnectionOnCheckout -> false, unreturnedConnectionTimeout -> 0, usesTraditionalReflectiveProxies -> false ]
2012-11-03 15:57:56  [ main:3307 ] - [ INFO ]  Using DataSource [com.mchange.v2.c3p0.ComboPooledDataSource [ acquireIncrement -> 3, acquireRetryAttempts -> 30, acquireRetryDelay -> 1000, autoCommitOnClose -> false, automaticTestTable -> null, breakAfterAcquireFailure -> false, checkoutTimeout -> 0, connectionCustomizerClassName -> null, connectionTesterClassName -> com.mchange.v2.c3p0.impl.DefaultConnectionTester, dataSourceName -> 1ox3drr8q1iqj9zeahzzgc|1f3bd93, debugUnreturnedConnectionStackTraces -> false, description -> null, driverClass -> com.mysql.jdbc.Driver, factoryClassLocation -> null, forceIgnoreUnresolvedTransactions -> false, identityToken -> 1ox3drr8q1iqj9zeahzzgc|1f3bd93, idleConnectionTestPeriod -> 0, initialPoolSize -> 3, jdbcUrl -> jdbc:mysql://localhost:3306/shopping?useUnicode=true&characterEncoding=utf8, lastAcquisitionFailureDefaultUser -> null, maxAdministrativeTaskTime -> 0, maxConnectionAge -> 0, maxIdleTime -> 0, maxIdleTimeExcessConnections -> 0, maxPoolSize -> 15, maxStatements -> 0, maxStatementsPerConnection -> 0, minPoolSize -> 3, numHelperThreads -> 3, numThreadsAwaitingCheckoutDefaultUser -> 0, preferredTestQuery -> null, properties -> {user=******, password=******}, propertyCycle -> 0, testConnectionOnCheckin -> false, testConnectionOnCheckout -> false, unreturnedConnectionTimeout -> 0, usesTraditionalReflectiveProxies -> false ]] of Hibernate SessionFactory for HibernateTransactionManager
2012-11-03 15:57:56  [ main:3543 ] - [ INFO ]  Try to add a book.
2012-11-03 15:57:56  [ main:3620 ] - [ INFO ]  Add book successfully.
2012-11-03 15:57:56  [ main:3692 ] - [ INFO ]  Try to find a book.
2012-11-03 15:57:56  [ main:3729 ] - [ INFO ]  Find book successfully.
2012-11-03 16:00:59  [ main:0 ] - [ INFO ]  Refreshing org.springframework.context.support.ClassPathXmlApplicationContext@6e7127: startup date [Sat Nov 03 16:00:59 CST 2012]; root of context hierarchy
2012-11-03 16:01:00  [ main:150 ] - [ INFO ]  Loading XML bean definitions from class path resource [applicationContext.xml]
2012-11-03 16:01:00  [ main:1026 ] - [ INFO ]  Loading properties file from class path resource [jdbc.properties]
2012-11-03 16:01:01  [ main:1113 ] - [ INFO ]  Pre-instantiating singletons in org.springframework.beans.factory.support.DefaultListableBeanFactory@68c278: defining beans [org.springframework.beans.factory.config.PropertyPlaceholderConfigurer#0,dataSource,sessionFactory,transactionManager,org.springframework.aop.config.internalAutoProxyCreator,org.springframework.transaction.annotation.AnnotationTransactionAttributeSource#0,org.springframework.transaction.interceptor.TransactionInterceptor#0,org.springframework.transaction.config.internalTransactionAdvisor,bookAction,orderAction,userAction,bookDaoImpl,daoSupportImpl,orderItemDaoImpl,userDaoImpl,bookServiceImpl,orderServiceImpl,userServiceImpl,org.springframework.context.annotation.internalConfigurationAnnotationProcessor,org.springframework.context.annotation.internalAutowiredAnnotationProcessor,org.springframework.context.annotation.internalRequiredAnnotationProcessor,org.springframework.context.annotation.internalCommonAnnotationProcessor,org.springframework.context.annotation.internalPersistenceAnnotationProcessor,org.springframework.context.annotation.ConfigurationClassPostProcessor$ImportAwareBeanPostProcessor#0]; root of factory hierarchy
2012-11-03 16:01:01  [ main:1153 ] - [ INFO ]  MLog clients using log4j logging.
2012-11-03 16:01:01  [ main:1395 ] - [ INFO ]  Initializing c3p0-0.9.1 [built 16-January-2007 14:46:42; debug? true; trace: 10]
2012-11-03 16:01:02  [ main:2396 ] - [ INFO ]  Building new Hibernate SessionFactory
2012-11-03 16:01:02  [ main:2671 ] - [ INFO ]  Initializing c3p0 pool... com.mchange.v2.c3p0.ComboPooledDataSource [ acquireIncrement -> 3, acquireRetryAttempts -> 30, acquireRetryDelay -> 1000, autoCommitOnClose -> false, automaticTestTable -> null, breakAfterAcquireFailure -> false, checkoutTimeout -> 0, connectionCustomizerClassName -> null, connectionTesterClassName -> com.mchange.v2.c3p0.impl.DefaultConnectionTester, dataSourceName -> 1ox3drr8q1iqnakln7ohrt|1f3bd93, debugUnreturnedConnectionStackTraces -> false, description -> null, driverClass -> com.mysql.jdbc.Driver, factoryClassLocation -> null, forceIgnoreUnresolvedTransactions -> false, identityToken -> 1ox3drr8q1iqnakln7ohrt|1f3bd93, idleConnectionTestPeriod -> 0, initialPoolSize -> 3, jdbcUrl -> jdbc:mysql://localhost:3306/shopping?useUnicode=true&characterEncoding=utf8, lastAcquisitionFailureDefaultUser -> null, maxAdministrativeTaskTime -> 0, maxConnectionAge -> 0, maxIdleTime -> 0, maxIdleTimeExcessConnections -> 0, maxPoolSize -> 15, maxStatements -> 0, maxStatementsPerConnection -> 0, minPoolSize -> 3, numHelperThreads -> 3, numThreadsAwaitingCheckoutDefaultUser -> 0, preferredTestQuery -> null, properties -> {user=******, password=******}, propertyCycle -> 0, testConnectionOnCheckin -> false, testConnectionOnCheckout -> false, unreturnedConnectionTimeout -> 0, usesTraditionalReflectiveProxies -> false ]
2012-11-03 16:01:03  [ main:3701 ] - [ INFO ]  Using DataSource [com.mchange.v2.c3p0.ComboPooledDataSource [ acquireIncrement -> 3, acquireRetryAttempts -> 30, acquireRetryDelay -> 1000, autoCommitOnClose -> false, automaticTestTable -> null, breakAfterAcquireFailure -> false, checkoutTimeout -> 0, connectionCustomizerClassName -> null, connectionTesterClassName -> com.mchange.v2.c3p0.impl.DefaultConnectionTester, dataSourceName -> 1ox3drr8q1iqnakln7ohrt|1f3bd93, debugUnreturnedConnectionStackTraces -> false, description -> null, driverClass -> com.mysql.jdbc.Driver, factoryClassLocation -> null, forceIgnoreUnresolvedTransactions -> false, identityToken -> 1ox3drr8q1iqnakln7ohrt|1f3bd93, idleConnectionTestPeriod -> 0, initialPoolSize -> 3, jdbcUrl -> jdbc:mysql://localhost:3306/shopping?useUnicode=true&characterEncoding=utf8, lastAcquisitionFailureDefaultUser -> null, maxAdministrativeTaskTime -> 0, maxConnectionAge -> 0, maxIdleTime -> 0, maxIdleTimeExcessConnections -> 0, maxPoolSize -> 15, maxStatements -> 0, maxStatementsPerConnection -> 0, minPoolSize -> 3, numHelperThreads -> 3, numThreadsAwaitingCheckoutDefaultUser -> 0, preferredTestQuery -> null, properties -> {user=******, password=******}, propertyCycle -> 0, testConnectionOnCheckin -> false, testConnectionOnCheckout -> false, unreturnedConnectionTimeout -> 0, usesTraditionalReflectiveProxies -> false ]] of Hibernate SessionFactory for HibernateTransactionManager
2012-11-03 16:01:03  [ main:3926 ] - [ INFO ]  Try to add a book.
2012-11-03 16:01:03  [ main:4003 ] - [ INFO ]  Add book successfully.
2012-11-03 16:01:04  [ main:4065 ] - [ INFO ]  Try to find a book.
2012-11-03 16:01:04  [ main:4110 ] - [ INFO ]  Find book successfully.
2012-11-03 16:01:04  [ main:4122 ] - [ INFO ]  Try to delete a book.
2012-11-03 16:01:04  [ main:4122 ] - [ INFO ]  Try to delete a book.
2012-11-03 16:01:04  [ main:4130 ] - [ INFO ]  Delete book successfully.
2012-11-03 16:01:04  [ main:4132 ] - [ INFO ]  Delete book successfully.
2012-11-03 16:01:04  [ main:4167 ] - [ INFO ]  Try to find a book.
2012-11-03 16:01:04  [ main:4171 ] - [ INFO ]  Find book successfully.
2012-11-03 16:14:20  [ main:0 ] - [ INFO ]  Refreshing org.springframework.context.support.ClassPathXmlApplicationContext@107e9a8: startup date [Sat Nov 03 16:14:20 CST 2012]; root of context hierarchy
2012-11-03 16:14:20  [ main:157 ] - [ INFO ]  Loading XML bean definitions from class path resource [applicationContext.xml]
2012-11-03 16:14:22  [ main:1905 ] - [ INFO ]  Loading properties file from class path resource [jdbc.properties]
2012-11-03 16:14:22  [ main:2003 ] - [ INFO ]  Pre-instantiating singletons in org.springframework.beans.factory.support.DefaultListableBeanFactory@1f46f3b: defining beans [org.springframework.beans.factory.config.PropertyPlaceholderConfigurer#0,dataSource,sessionFactory,transactionManager,org.springframework.aop.config.internalAutoProxyCreator,org.springframework.transaction.annotation.AnnotationTransactionAttributeSource#0,org.springframework.transaction.interceptor.TransactionInterceptor#0,org.springframework.transaction.config.internalTransactionAdvisor,bookAction,orderAction,userAction,bookDaoImpl,daoSupportImpl,orderItemDaoImpl,userDaoImpl,bookServiceImpl,orderServiceImpl,userServiceImpl,org.springframework.context.annotation.internalConfigurationAnnotationProcessor,org.springframework.context.annotation.internalAutowiredAnnotationProcessor,org.springframework.context.annotation.internalRequiredAnnotationProcessor,org.springframework.context.annotation.internalCommonAnnotationProcessor,org.springframework.context.annotation.internalPersistenceAnnotationProcessor,org.springframework.context.annotation.ConfigurationClassPostProcessor$ImportAwareBeanPostProcessor#0]; root of factory hierarchy
2012-11-03 16:14:22  [ main:2043 ] - [ INFO ]  MLog clients using log4j logging.
2012-11-03 16:14:22  [ main:2326 ] - [ INFO ]  Initializing c3p0-0.9.1 [built 16-January-2007 14:46:42; debug? true; trace: 10]
2012-11-03 16:14:24  [ main:3989 ] - [ INFO ]  Building new Hibernate SessionFactory
2012-11-03 16:14:24  [ main:4174 ] - [ INFO ]  Initializing c3p0 pool... com.mchange.v2.c3p0.ComboPooledDataSource [ acquireIncrement -> 3, acquireRetryAttempts -> 30, acquireRetryDelay -> 1000, autoCommitOnClose -> false, automaticTestTable -> null, breakAfterAcquireFailure -> false, checkoutTimeout -> 0, connectionCustomizerClassName -> null, connectionTesterClassName -> com.mchange.v2.c3p0.impl.DefaultConnectionTester, dataSourceName -> 1ox3drr8q1ir4h0997z8s3|1c55a79, debugUnreturnedConnectionStackTraces -> false, description -> null, driverClass -> com.mysql.jdbc.Driver, factoryClassLocation -> null, forceIgnoreUnresolvedTransactions -> false, identityToken -> 1ox3drr8q1ir4h0997z8s3|1c55a79, idleConnectionTestPeriod -> 0, initialPoolSize -> 3, jdbcUrl -> jdbc:mysql://localhost:3306/shopping?useUnicode=true&characterEncoding=utf8, lastAcquisitionFailureDefaultUser -> null, maxAdministrativeTaskTime -> 0, maxConnectionAge -> 0, maxIdleTime -> 0, maxIdleTimeExcessConnections -> 0, maxPoolSize -> 15, maxStatements -> 0, maxStatementsPerConnection -> 0, minPoolSize -> 3, numHelperThreads -> 3, numThreadsAwaitingCheckoutDefaultUser -> 0, preferredTestQuery -> null, properties -> {user=******, password=******}, propertyCycle -> 0, testConnectionOnCheckin -> false, testConnectionOnCheckout -> false, unreturnedConnectionTimeout -> 0, usesTraditionalReflectiveProxies -> false ]
2012-11-03 16:14:26  [ main:5768 ] - [ INFO ]  Using DataSource [com.mchange.v2.c3p0.ComboPooledDataSource [ acquireIncrement -> 3, acquireRetryAttempts -> 30, acquireRetryDelay -> 1000, autoCommitOnClose -> false, automaticTestTable -> null, breakAfterAcquireFailure -> false, checkoutTimeout -> 0, connectionCustomizerClassName -> null, connectionTesterClassName -> com.mchange.v2.c3p0.impl.DefaultConnectionTester, dataSourceName -> 1ox3drr8q1ir4h0997z8s3|1c55a79, debugUnreturnedConnectionStackTraces -> false, description -> null, driverClass -> com.mysql.jdbc.Driver, factoryClassLocation -> null, forceIgnoreUnresolvedTransactions -> false, identityToken -> 1ox3drr8q1ir4h0997z8s3|1c55a79, idleConnectionTestPeriod -> 0, initialPoolSize -> 3, jdbcUrl -> jdbc:mysql://localhost:3306/shopping?useUnicode=true&characterEncoding=utf8, lastAcquisitionFailureDefaultUser -> null, maxAdministrativeTaskTime -> 0, maxConnectionAge -> 0, maxIdleTime -> 0, maxIdleTimeExcessConnections -> 0, maxPoolSize -> 15, maxStatements -> 0, maxStatementsPerConnection -> 0, minPoolSize -> 3, numHelperThreads -> 3, numThreadsAwaitingCheckoutDefaultUser -> 0, preferredTestQuery -> null, properties -> {user=******, password=******}, propertyCycle -> 0, testConnectionOnCheckin -> false, testConnectionOnCheckout -> false, unreturnedConnectionTimeout -> 0, usesTraditionalReflectiveProxies -> false ]] of Hibernate SessionFactory for HibernateTransactionManager
